{"D:\\Projects\\wasm-thobe\\apps\\backend\\src\\app.module.ts": {"path":"D:\\Projects\\wasm-thobe\\apps\\backend\\src\\app.module.ts","statementMap":{"0":{"start":{"line":8,"column":0},"end":{"line":8,"column":40}},"1":{"start":{"line":9,"column":0},"end":{"line":9,"column":61}},"2":{"start":{"line":10,"column":0},"end":{"line":10,"column":48}},"3":{"start":{"line":11,"column":0},"end":{"line":11,"column":27}},"4":{"start":{"line":12,"column":0},"end":{"line":12,"column":56}},"5":{"start":{"line":13,"column":0},"end":{"line":13,"column":59}},"6":{"start":{"line":14,"column":0},"end":{"line":14,"column":83}},"7":{"start":{"line":51,"column":7},"end":{"line":51,"column":null}},"8":{"start":{"line":51,"column":13},"end":{"line":51,"column":22}},"9":{"start":{"line":51,"column":13},"end":{"line":51,"column":null}},"10":{"start":{"line":36,"column":53},"end":{"line":42,"column":8}}},"fnMap":{"0":{"name":"(anonymous_10)","decl":{"start":{"line":36,"column":18},"end":{"line":36,"column":19}},"loc":{"start":{"line":36,"column":53},"end":{"line":42,"column":8}}}},"branchMap":{},"s":{"0":0,"1":0,"2":0,"3":0,"4":0,"5":0,"6":0,"7":0,"8":0,"9":0,"10":0},"f":{"0":0},"b":{}}
,"D:\\Projects\\wasm-thobe\\apps\\backend\\src\\main.ts": {"path":"D:\\Projects\\wasm-thobe\\apps\\backend\\src\\main.ts","statementMap":{"0":{"start":{"line":7,"column":0},"end":{"line":7,"column":43}},"1":{"start":{"line":8,"column":0},"end":{"line":8,"column":56}},"2":{"start":{"line":9,"column":0},"end":{"line":9,"column":41}},"3":{"start":{"line":10,"column":0},"end":{"line":10,"column":77}},"4":{"start":{"line":18,"column":17},"end":{"line":18,"column":40}},"5":{"start":{"line":19,"column":14},"end":{"line":19,"column":49}},"6":{"start":{"line":22,"column":2},"end":{"line":22,"column":29}},"7":{"start":{"line":25,"column":2},"end":{"line":28,"column":5}},"8":{"start":{"line":31,"column":2},"end":{"line":37,"column":4}},"9":{"start":{"line":40,"column":2},"end":{"line":40,"column":50}},"10":{"start":{"line":42,"column":15},"end":{"line":42,"column":39}},"11":{"start":{"line":43,"column":2},"end":{"line":43,"column":25}},"12":{"start":{"line":44,"column":2},"end":{"line":44,"column":72}},"13":{"start":{"line":47,"column":0},"end":{"line":50,"column":3}},"14":{"start":{"line":48,"column":2},"end":{"line":48,"column":21}},"15":{"start":{"line":49,"column":2},"end":{"line":49,"column":18}}},"fnMap":{"0":{"name":"bootstrap","decl":{"start":{"line":17,"column":15},"end":{"line":17,"column":24}},"loc":{"start":{"line":17,"column":24},"end":{"line":45,"column":1}}},"1":{"name":"(anonymous_1)","decl":{"start":{"line":47,"column":18},"end":{"line":47,"column":19}},"loc":{"start":{"line":47,"column":26},"end":{"line":50,"column":1}}}},"branchMap":{"0":{"loc":{"start":{"line":42,"column":15},"end":{"line":42,"column":39}},"type":"binary-expr","locations":[{"start":{"line":42,"column":15},"end":{"line":42,"column":31}},{"start":{"line":42,"column":35},"end":{"line":42,"column":39}}]}},"s":{"0":0,"1":0,"2":0,"3":0,"4":0,"5":0,"6":0,"7":0,"8":0,"9":0,"10":0,"11":0,"12":0,"13":0,"14":0,"15":0},"f":{"0":0,"1":0},"b":{"0":[0,0]}}
,"D:\\Projects\\wasm-thobe\\apps\\backend\\src\\common\\decorators\\current-user.decorator.ts": {"path":"D:\\Projects\\wasm-thobe\\apps\\backend\\src\\common\\decorators\\current-user.decorator.ts","statementMap":{"0":{"start":{"line":6,"column":0},"end":{"line":6,"column":72}},"1":{"start":{"line":15,"column":13},"end":{"line":22,"column":2}},"2":{"start":{"line":17,"column":20},"end":{"line":17,"column":51}},"3":{"start":{"line":18,"column":17},"end":{"line":18,"column":29}},"4":{"start":{"line":20,"column":4},"end":{"line":20,"column":38}}},"fnMap":{"0":{"name":"(anonymous_0)","decl":{"start":{"line":16,"column":2},"end":{"line":16,"column":3}},"loc":{"start":{"line":16,"column":54},"end":{"line":21,"column":3}}}},"branchMap":{"0":{"loc":{"start":{"line":20,"column":11},"end":{"line":20,"column":37}},"type":"cond-expr","locations":[{"start":{"line":20,"column":18},"end":{"line":20,"column":30}},{"start":{"line":20,"column":33},"end":{"line":20,"column":37}}]}},"s":{"0":0,"1":0,"2":0,"3":0,"4":0},"f":{"0":0},"b":{"0":[0,0]}}
,"D:\\Projects\\wasm-thobe\\apps\\backend\\src\\common\\decorators\\roles.decorator.ts": {"path":"D:\\Projects\\wasm-thobe\\apps\\backend\\src\\common\\decorators\\roles.decorator.ts","statementMap":{"0":{"start":{"line":6,"column":0},"end":{"line":6,"column":62}},"1":{"start":{"line":9,"column":13},"end":{"line":9,"column":33}},"2":{"start":{"line":17,"column":21},"end":{"line":18,"column":31}},"3":{"start":{"line":18,"column":2},"end":{"line":18,"column":31}},"4":{"start":{"line":17,"column":13},"end":{"line":17,"column":21}}},"fnMap":{"0":{"name":"(anonymous_0)","decl":{"start":{"line":17,"column":21},"end":{"line":17,"column":22}},"loc":{"start":{"line":18,"column":2},"end":{"line":18,"column":31}}}},"branchMap":{},"s":{"0":0,"1":0,"2":0,"3":0,"4":0},"f":{"0":0},"b":{}}
,"D:\\Projects\\wasm-thobe\\apps\\backend\\src\\common\\filters\\http-exception.filter.ts": {"path":"D:\\Projects\\wasm-thobe\\apps\\backend\\src\\common\\filters\\http-exception.filter.ts","statementMap":{"0":{"start":{"line":7,"column":0},"end":{"line":7,"column":null}},"1":{"start":{"line":18,"column":32},"end":{"line":68,"column":null}},"2":{"start":{"line":19,"column":28},"end":{"line":19,"column":64}},"3":{"start":{"line":28,"column":16},"end":{"line":28,"column":35}},"4":{"start":{"line":29,"column":21},"end":{"line":29,"column":48}},"5":{"start":{"line":30,"column":20},"end":{"line":30,"column":45}},"6":{"start":{"line":33,"column":6},"end":{"line":35,"column":42}},"7":{"start":{"line":38,"column":6},"end":{"line":40,"column":46}},"8":{"start":{"line":43,"column":6},"end":{"line":45,"column":27}},"9":{"start":{"line":47,"column":26},"end":{"line":54,"column":6}},"10":{"start":{"line":56,"column":4},"end":{"line":64,"column":5}},"11":{"start":{"line":57,"column":6},"end":{"line":61,"column":8}},"12":{"start":{"line":63,"column":6},"end":{"line":63,"column":82}},"13":{"start":{"line":66,"column":4},"end":{"line":66,"column":48}},"14":{"start":{"line":18,"column":13},"end":{"line":18,"column":32}},"15":{"start":{"line":18,"column":13},"end":{"line":68,"column":null}}},"fnMap":{"0":{"name":"(anonymous_1)","decl":{"start":{"line":27,"column":2},"end":{"line":27,"column":7}},"loc":{"start":{"line":27,"column":43},"end":{"line":67,"column":3}}}},"branchMap":{"0":{"loc":{"start":{"line":33,"column":6},"end":{"line":35,"column":42}},"type":"cond-expr","locations":[{"start":{"line":34,"column":10},"end":{"line":34,"column":31}},{"start":{"line":35,"column":10},"end":{"line":35,"column":42}}]},"1":{"loc":{"start":{"line":38,"column":6},"end":{"line":40,"column":46}},"type":"cond-expr","locations":[{"start":{"line":39,"column":10},"end":{"line":39,"column":33}},{"start":{"line":40,"column":10},"end":{"line":40,"column":46}}]},"2":{"loc":{"start":{"line":43,"column":6},"end":{"line":45,"column":27}},"type":"cond-expr","locations":[{"start":{"line":44,"column":10},"end":{"line":44,"column":62}},{"start":{"line":45,"column":10},"end":{"line":45,"column":27}}]},"3":{"loc":{"start":{"line":44,"column":10},"end":{"line":44,"column":62}},"type":"binary-expr","locations":[{"start":{"line":44,"column":10},"end":{"line":44,"column":35}},{"start":{"line":44,"column":39},"end":{"line":44,"column":62}}]},"4":{"loc":{"start":{"line":53,"column":8},"end":{"line":53,"column":83}},"type":"cond-expr","locations":[{"start":{"line":53,"column":45},"end":{"line":53,"column":59}},{"start":{"line":53,"column":62},"end":{"line":53,"column":83}}]},"5":{"loc":{"start":{"line":56,"column":4},"end":{"line":64,"column":5}},"type":"if","locations":[{"start":{"line":56,"column":4},"end":{"line":64,"column":5}},{"start":{"line":62,"column":11},"end":{"line":64,"column":5}}]}},"s":{"0":0,"1":0,"2":0,"3":0,"4":0,"5":0,"6":0,"7":0,"8":0,"9":0,"10":0,"11":0,"12":0,"13":0,"14":0,"15":0},"f":{"0":0},"b":{"0":[0,0],"1":[0,0],"2":[0,0],"3":[0,0],"4":[0,0],"5":[0,0]}}
,"D:\\Projects\\wasm-thobe\\apps\\backend\\src\\common\\guards\\jwt-auth.guard.ts": {"path":"D:\\Projects\\wasm-thobe\\apps\\backend\\src\\common\\guards\\jwt-auth.guard.ts","statementMap":{"0":{"start":{"line":7,"column":0},"end":{"line":7,"column":44}},"1":{"start":{"line":8,"column":0},"end":{"line":8,"column":45}},"2":{"start":{"line":11,"column":7},"end":{"line":11,"column":null}},"3":{"start":{"line":11,"column":13},"end":{"line":11,"column":25}},"4":{"start":{"line":11,"column":13},"end":{"line":11,"column":null}}},"fnMap":{},"branchMap":{},"s":{"0":0,"1":0,"2":0,"3":0,"4":0},"f":{},"b":{}}
,"D:\\Projects\\wasm-thobe\\apps\\backend\\src\\common\\guards\\roles.guard.ts": {"path":"D:\\Projects\\wasm-thobe\\apps\\backend\\src\\common\\guards\\roles.guard.ts","statementMap":{"0":{"start":{"line":7,"column":0},"end":{"line":7,"column":null}},"1":{"start":{"line":13,"column":0},"end":{"line":13,"column":41}},"2":{"start":{"line":15,"column":0},"end":{"line":15,"column":58}},"3":{"start":{"line":18,"column":7},"end":{"line":54,"column":null}},"4":{"start":{"line":19,"column":22},"end":{"line":19,"column":33}},"5":{"start":{"line":29,"column":26},"end":{"line":31,"column":null}},"6":{"start":{"line":34,"column":4},"end":{"line":36,"column":5}},"7":{"start":{"line":35,"column":6},"end":{"line":35,"column":18}},"8":{"start":{"line":38,"column":21},"end":{"line":38,"column":56}},"9":{"start":{"line":40,"column":4},"end":{"line":42,"column":5}},"10":{"start":{"line":41,"column":6},"end":{"line":41,"column":61}},"11":{"start":{"line":44,"column":20},"end":{"line":44,"column":68}},"12":{"start":{"line":44,"column":49},"end":{"line":44,"column":67}},"13":{"start":{"line":46,"column":4},"end":{"line":50,"column":5}},"14":{"start":{"line":47,"column":6},"end":{"line":49,"column":8}},"15":{"start":{"line":52,"column":4},"end":{"line":52,"column":16}},"16":{"start":{"line":18,"column":13},"end":{"line":18,"column":23}},"17":{"start":{"line":18,"column":13},"end":{"line":54,"column":null}}},"fnMap":{"0":{"name":"(anonymous_2)","decl":{"start":{"line":19,"column":2},"end":{"line":19,"column":22}},"loc":{"start":{"line":19,"column":42},"end":{"line":19,"column":46}}},"1":{"name":"(anonymous_3)","decl":{"start":{"line":28,"column":2},"end":{"line":28,"column":13}},"loc":{"start":{"line":28,"column":39},"end":{"line":53,"column":3}}},"2":{"name":"(anonymous_4)","decl":{"start":{"line":44,"column":39},"end":{"line":44,"column":40}},"loc":{"start":{"line":44,"column":49},"end":{"line":44,"column":67}}}},"branchMap":{"0":{"loc":{"start":{"line":34,"column":4},"end":{"line":36,"column":5}},"type":"if","locations":[{"start":{"line":34,"column":4},"end":{"line":36,"column":5}},{"start":{},"end":{}}]},"1":{"loc":{"start":{"line":34,"column":8},"end":{"line":34,"column":52}},"type":"binary-expr","locations":[{"start":{"line":34,"column":8},"end":{"line":34,"column":22}},{"start":{"line":34,"column":26},"end":{"line":34,"column":52}}]},"2":{"loc":{"start":{"line":40,"column":4},"end":{"line":42,"column":5}},"type":"if","locations":[{"start":{"line":40,"column":4},"end":{"line":42,"column":5}},{"start":{},"end":{}}]},"3":{"loc":{"start":{"line":46,"column":4},"end":{"line":50,"column":5}},"type":"if","locations":[{"start":{"line":46,"column":4},"end":{"line":50,"column":5}},{"start":{},"end":{}}]},"4":{"loc":{"start":{"line":19,"column":33},"end":{"line":19,"column":45}},"type":"cond-expr","locations":[{"start":{"line":19,"column":42},"end":{"line":19,"column":45}},{"start":{"line":19,"column":42},"end":{"line":19,"column":45}}]},"5":{"loc":{"start":{"line":19,"column":33},"end":{"line":19,"column":42}},"type":"binary-expr","locations":[{"start":{"line":19,"column":33},"end":{"line":19,"column":45}},{"start":{"line":19,"column":33},"end":{"line":19,"column":42}}]}},"s":{"0":0,"1":0,"2":0,"3":0,"4":0,"5":0,"6":0,"7":0,"8":0,"9":0,"10":0,"11":0,"12":0,"13":0,"14":0,"15":0,"16":0,"17":0},"f":{"0":0,"1":0,"2":0},"b":{"0":[0,0],"1":[0,0],"2":[0,0],"3":[0,0],"4":[0,0],"5":[0,0]}}
,"D:\\Projects\\wasm-thobe\\apps\\backend\\src\\database\\data-source.ts": {"path":"D:\\Projects\\wasm-thobe\\apps\\backend\\src\\database\\data-source.ts","statementMap":{"0":{"start":{"line":7,"column":0},"end":{"line":7,"column":56}},"1":{"start":{"line":8,"column":0},"end":{"line":8,"column":33}},"2":{"start":{"line":9,"column":0},"end":{"line":9,"column":29}},"3":{"start":{"line":11,"column":0},"end":{"line":11,"column":16}},"4":{"start":{"line":13,"column":13},"end":{"line":20,"column":2}},"5":{"start":{"line":22,"column":19},"end":{"line":22,"column":52}},"6":{"start":{"line":23,"column":0},"end":{"line":23,"column":26}}},"fnMap":{},"branchMap":{},"s":{"0":0,"1":0,"2":0,"3":0,"4":0,"5":0,"6":0},"f":{},"b":{}}
,"D:\\Projects\\wasm-thobe\\apps\\backend\\src\\database\\seeds\\customization.seed.ts": {"path":"D:\\Projects\\wasm-thobe\\apps\\backend\\src\\database\\seeds\\customization.seed.ts","statementMap":{"0":{"start":{"line":8,"column":0},"end":{"line":8,"column":74}},"1":{"start":{"line":9,"column":0},"end":{"line":9,"column":76}},"2":{"start":{"line":10,"column":0},"end":{"line":10,"column":82}},"3":{"start":{"line":17,"column":33},"end":{"line":88,"column":1}},"4":{"start":{"line":18,"column":20},"end":{"line":18,"column":51}},"5":{"start":{"line":19,"column":21},"end":{"line":19,"column":53}},"6":{"start":{"line":20,"column":24},"end":{"line":20,"column":59}},"7":{"start":{"line":23,"column":17},"end":{"line":28,"column":4}},"8":{"start":{"line":30,"column":2},"end":{"line":35,"column":3}},"9":{"start":{"line":31,"column":19},"end":{"line":31,"column":75}},"10":{"start":{"line":32,"column":4},"end":{"line":34,"column":5}},"11":{"start":{"line":33,"column":6},"end":{"line":33,"column":52}},"12":{"start":{"line":38,"column":18},"end":{"line":63,"column":4}},"13":{"start":{"line":65,"column":2},"end":{"line":70,"column":3}},"14":{"start":{"line":66,"column":19},"end":{"line":66,"column":77}},"15":{"start":{"line":67,"column":4},"end":{"line":69,"column":5}},"16":{"start":{"line":68,"column":6},"end":{"line":68,"column":55}},"17":{"start":{"line":73,"column":22},"end":{"line":78,"column":4}},"18":{"start":{"line":80,"column":2},"end":{"line":87,"column":3}},"19":{"start":{"line":81,"column":19},"end":{"line":83,"column":6}},"20":{"start":{"line":84,"column":4},"end":{"line":86,"column":5}},"21":{"start":{"line":85,"column":6},"end":{"line":85,"column":64}},"22":{"start":{"line":17,"column":13},"end":{"line":17,"column":33}}},"fnMap":{"0":{"name":"(anonymous_0)","decl":{"start":{"line":17,"column":33},"end":{"line":17,"column":38}},"loc":{"start":{"line":17,"column":81},"end":{"line":88,"column":1}}}},"branchMap":{"0":{"loc":{"start":{"line":32,"column":4},"end":{"line":34,"column":5}},"type":"if","locations":[{"start":{"line":32,"column":4},"end":{"line":34,"column":5}},{"start":{},"end":{}}]},"1":{"loc":{"start":{"line":67,"column":4},"end":{"line":69,"column":5}},"type":"if","locations":[{"start":{"line":67,"column":4},"end":{"line":69,"column":5}},{"start":{},"end":{}}]},"2":{"loc":{"start":{"line":84,"column":4},"end":{"line":86,"column":5}},"type":"if","locations":[{"start":{"line":84,"column":4},"end":{"line":86,"column":5}},{"start":{},"end":{}}]}},"s":{"0":0,"1":0,"2":0,"3":0,"4":0,"5":0,"6":0,"7":0,"8":0,"9":0,"10":0,"11":0,"12":0,"13":0,"14":0,"15":0,"16":0,"17":0,"18":0,"19":0,"20":0,"21":0,"22":0},"f":{"0":0},"b":{"0":[0,0],"1":[0,0],"2":[0,0]}}
,"D:\\Projects\\wasm-thobe\\apps\\backend\\src\\database\\seeds\\run-seed.ts": {"path":"D:\\Projects\\wasm-thobe\\apps\\backend\\src\\database\\seeds\\run-seed.ts","statementMap":{"0":{"start":{"line":7,"column":0},"end":{"line":7,"column":40}},"1":{"start":{"line":8,"column":0},"end":{"line":8,"column":57}},"2":{"start":{"line":16,"column":2},"end":{"line":29,"column":3}},"3":{"start":{"line":17,"column":4},"end":{"line":17,"column":51}},"4":{"start":{"line":18,"column":4},"end":{"line":18,"column":34}},"5":{"start":{"line":19,"column":4},"end":{"line":19,"column":42}},"6":{"start":{"line":21,"column":4},"end":{"line":21,"column":40}},"7":{"start":{"line":22,"column":4},"end":{"line":22,"column":51}},"8":{"start":{"line":24,"column":4},"end":{"line":24,"column":31}},"9":{"start":{"line":25,"column":4},"end":{"line":25,"column":40}},"10":{"start":{"line":27,"column":4},"end":{"line":27,"column":46}},"11":{"start":{"line":28,"column":4},"end":{"line":28,"column":20}},"12":{"start":{"line":32,"column":0},"end":{"line":32,"column":10}}},"fnMap":{"0":{"name":"runSeed","decl":{"start":{"line":15,"column":15},"end":{"line":15,"column":22}},"loc":{"start":{"line":15,"column":22},"end":{"line":30,"column":1}}}},"branchMap":{},"s":{"0":0,"1":0,"2":0,"3":0,"4":0,"5":0,"6":0,"7":0,"8":0,"9":0,"10":0,"11":0,"12":0},"f":{"0":0},"b":{}}
,"D:\\Projects\\wasm-thobe\\apps\\backend\\src\\modules\\auth\\auth.controller.ts": {"path":"D:\\Projects\\wasm-thobe\\apps\\backend\\src\\modules\\auth\\auth.controller.ts","statementMap":{"0":{"start":{"line":8,"column":0},"end":{"line":8,"column":56}},"1":{"start":{"line":9,"column":0},"end":{"line":9,"column":69}},"2":{"start":{"line":10,"column":0},"end":{"line":10,"column":45}},"3":{"start":{"line":11,"column":0},"end":{"line":11,"column":49}},"4":{"start":{"line":12,"column":0},"end":{"line":12,"column":43}},"5":{"start":{"line":18,"column":7},"end":{"line":62,"column":null}},"6":{"start":{"line":19,"column":31},"end":{"line":19,"column":44}},"7":{"start":{"line":32,"column":4},"end":{"line":32,"column":42}},"8":{"start":{"line":46,"column":4},"end":{"line":46,"column":39}},"9":{"start":{"line":60,"column":4},"end":{"line":60,"column":50}},"10":{"start":{"line":18,"column":13},"end":{"line":18,"column":27}},"11":{"start":{"line":31,"column":8},"end":{"line":33,"column":null}},"12":{"start":{"line":45,"column":8},"end":{"line":47,"column":null}},"13":{"start":{"line":59,"column":8},"end":{"line":61,"column":null}},"14":{"start":{"line":18,"column":13},"end":{"line":62,"column":null}}},"fnMap":{"0":{"name":"(anonymous_4)","decl":{"start":{"line":19,"column":2},"end":{"line":19,"column":31}},"loc":{"start":{"line":19,"column":55},"end":{"line":19,"column":59}}},"1":{"name":"(anonymous_5)","decl":{"start":{"line":31,"column":8},"end":{"line":31,"column":16}},"loc":{"start":{"line":31,"column":41},"end":{"line":33,"column":3}}},"2":{"name":"(anonymous_6)","decl":{"start":{"line":45,"column":8},"end":{"line":45,"column":13}},"loc":{"start":{"line":45,"column":35},"end":{"line":47,"column":3}}},"3":{"name":"(anonymous_7)","decl":{"start":{"line":59,"column":8},"end":{"line":59,"column":15}},"loc":{"start":{"line":59,"column":58},"end":{"line":61,"column":3}}}},"branchMap":{"0":{"loc":{"start":{"line":31,"column":30},"end":{"line":31,"column":44}},"type":"cond-expr","locations":[{"start":{"line":31,"column":41},"end":{"line":31,"column":44}},{"start":{"line":31,"column":41},"end":{"line":31,"column":44}}]},"1":{"loc":{"start":{"line":31,"column":30},"end":{"line":31,"column":41}},"type":"binary-expr","locations":[{"start":{"line":31,"column":30},"end":{"line":31,"column":44}},{"start":{"line":31,"column":30},"end":{"line":31,"column":41}}]},"2":{"loc":{"start":{"line":31,"column":44},"end":{"line":31,"column":null}},"type":"cond-expr","locations":[{"start":{"line":31,"column":51},"end":{"line":31,"column":null}},{"start":{"line":31,"column":51},"end":{"line":31,"column":null}}]},"3":{"loc":{"start":{"line":31,"column":44},"end":{"line":31,"column":51}},"type":"binary-expr","locations":[{"start":{"line":31,"column":44},"end":{"line":31,"column":null}},{"start":{"line":31,"column":44},"end":{"line":31,"column":51}}]},"4":{"loc":{"start":{"line":45,"column":27},"end":{"line":45,"column":38}},"type":"cond-expr","locations":[{"start":{"line":45,"column":35},"end":{"line":45,"column":38}},{"start":{"line":45,"column":35},"end":{"line":45,"column":38}}]},"5":{"loc":{"start":{"line":45,"column":27},"end":{"line":45,"column":35}},"type":"binary-expr","locations":[{"start":{"line":45,"column":27},"end":{"line":45,"column":38}},{"start":{"line":45,"column":27},"end":{"line":45,"column":35}}]},"6":{"loc":{"start":{"line":45,"column":38},"end":{"line":45,"column":null}},"type":"cond-expr","locations":[{"start":{"line":45,"column":45},"end":{"line":45,"column":null}},{"start":{"line":45,"column":45},"end":{"line":45,"column":null}}]},"7":{"loc":{"start":{"line":45,"column":38},"end":{"line":45,"column":45}},"type":"binary-expr","locations":[{"start":{"line":45,"column":38},"end":{"line":45,"column":null}},{"start":{"line":45,"column":38},"end":{"line":45,"column":45}}]},"8":{"loc":{"start":{"line":59,"column":61},"end":{"line":59,"column":null}},"type":"cond-expr","locations":[{"start":{"line":59,"column":68},"end":{"line":59,"column":null}},{"start":{"line":59,"column":68},"end":{"line":59,"column":null}}]},"9":{"loc":{"start":{"line":59,"column":61},"end":{"line":59,"column":68}},"type":"binary-expr","locations":[{"start":{"line":59,"column":61},"end":{"line":59,"column":null}},{"start":{"line":59,"column":61},"end":{"line":59,"column":68}}]},"10":{"loc":{"start":{"line":19,"column":44},"end":{"line":19,"column":58}},"type":"cond-expr","locations":[{"start":{"line":19,"column":55},"end":{"line":19,"column":58}},{"start":{"line":19,"column":55},"end":{"line":19,"column":58}}]},"11":{"loc":{"start":{"line":19,"column":44},"end":{"line":19,"column":55}},"type":"binary-expr","locations":[{"start":{"line":19,"column":44},"end":{"line":19,"column":58}},{"start":{"line":19,"column":44},"end":{"line":19,"column":55}}]}},"s":{"0":0,"1":0,"2":0,"3":0,"4":0,"5":0,"6":0,"7":0,"8":0,"9":0,"10":0,"11":0,"12":0,"13":0,"14":0},"f":{"0":0,"1":0,"2":0,"3":0},"b":{"0":[0,0],"1":[0,0],"2":[0,0],"3":[0,0],"4":[0,0],"5":[0,0],"6":[0,0],"7":[0,0],"8":[0,0],"9":[0,0],"10":[0,0],"11":[0,0]}}
,"D:\\Projects\\wasm-thobe\\apps\\backend\\src\\modules\\auth\\auth.module.ts": {"path":"D:\\Projects\\wasm-thobe\\apps\\backend\\src\\modules\\auth\\auth.module.ts","statementMap":{"0":{"start":{"line":7,"column":0},"end":{"line":7,"column":40}},"1":{"start":{"line":8,"column":0},"end":{"line":8,"column":40}},"2":{"start":{"line":9,"column":0},"end":{"line":9,"column":50}},"3":{"start":{"line":10,"column":0},"end":{"line":10,"column":48}},"4":{"start":{"line":11,"column":0},"end":{"line":11,"column":61}},"5":{"start":{"line":12,"column":0},"end":{"line":12,"column":45}},"6":{"start":{"line":13,"column":0},"end":{"line":13,"column":51}},"7":{"start":{"line":14,"column":0},"end":{"line":14,"column":53}},"8":{"start":{"line":15,"column":0},"end":{"line":15,"column":63}},"9":{"start":{"line":16,"column":0},"end":{"line":16,"column":56}},"10":{"start":{"line":17,"column":0},"end":{"line":17,"column":52}},"11":{"start":{"line":39,"column":7},"end":{"line":39,"column":null}},"12":{"start":{"line":39,"column":13},"end":{"line":39,"column":23}},"13":{"start":{"line":39,"column":13},"end":{"line":39,"column":null}},"14":{"start":{"line":26,"column":53},"end":{"line":31,"column":8}}},"fnMap":{"0":{"name":"(anonymous_1)","decl":{"start":{"line":26,"column":18},"end":{"line":26,"column":19}},"loc":{"start":{"line":26,"column":53},"end":{"line":31,"column":8}}}},"branchMap":{},"s":{"0":0,"1":0,"2":0,"3":0,"4":0,"5":0,"6":0,"7":0,"8":0,"9":0,"10":0,"11":0,"12":0,"13":0,"14":0},"f":{"0":0},"b":{}}
,"D:\\Projects\\wasm-thobe\\apps\\backend\\src\\modules\\auth\\auth.service.ts": {"path":"D:\\Projects\\wasm-thobe\\apps\\backend\\src\\modules\\auth\\auth.service.ts","statementMap":{"0":{"start":{"line":8,"column":0},"end":{"line":8,"column":null}},"1":{"start":{"line":14,"column":0},"end":{"line":14,"column":41}},"2":{"start":{"line":15,"column":0},"end":{"line":15,"column":47}},"3":{"start":{"line":16,"column":0},"end":{"line":16,"column":51}},"4":{"start":{"line":17,"column":0},"end":{"line":17,"column":37}},"5":{"start":{"line":18,"column":0},"end":{"line":18,"column":33}},"6":{"start":{"line":19,"column":0},"end":{"line":19,"column":53}},"7":{"start":{"line":20,"column":0},"end":{"line":20,"column":63}},"8":{"start":{"line":26,"column":24},"end":{"line":194,"column":null}},"9":{"start":{"line":27,"column":28},"end":{"line":27,"column":56}},"10":{"start":{"line":31,"column":21},"end":{"line":31,"column":37}},"11":{"start":{"line":33,"column":21},"end":{"line":33,"column":45}},"12":{"start":{"line":34,"column":21},"end":{"line":34,"column":33}},"13":{"start":{"line":35,"column":21},"end":{"line":35,"column":36}},"14":{"start":{"line":46,"column":25},"end":{"line":48,"column":6}},"15":{"start":{"line":50,"column":4},"end":{"line":52,"column":5}},"16":{"start":{"line":51,"column":6},"end":{"line":51,"column":81}},"17":{"start":{"line":54,"column":27},"end":{"line":54,"column":62}},"18":{"start":{"line":56,"column":17},"end":{"line":59,"column":6}},"19":{"start":{"line":61,"column":22},"end":{"line":61,"column":58}},"20":{"start":{"line":64,"column":36},"end":{"line":64,"column":45}},"21":{"start":{"line":65,"column":4},"end":{"line":65,"column":26}},"22":{"start":{"line":76,"column":17},"end":{"line":79,"column":6}},"23":{"start":{"line":81,"column":4},"end":{"line":83,"column":5}},"24":{"start":{"line":82,"column":6},"end":{"line":82,"column":61}},"25":{"start":{"line":85,"column":28},"end":{"line":85,"column":77}},"26":{"start":{"line":87,"column":4},"end":{"line":89,"column":5}},"27":{"start":{"line":88,"column":6},"end":{"line":88,"column":61}},"28":{"start":{"line":91,"column":19},"end":{"line":91,"column":76}},"29":{"start":{"line":92,"column":4},"end":{"line":92,"column":62}},"30":{"start":{"line":94,"column":4},"end":{"line":94,"column":18}},"31":{"start":{"line":105,"column":4},"end":{"line":144,"column":5}},"32":{"start":{"line":106,"column":22},"end":{"line":108,"column":8}},"33":{"start":{"line":110,"column":21},"end":{"line":110,"column":32}},"34":{"start":{"line":111,"column":27},"end":{"line":113,"column":8}},"35":{"start":{"line":116,"column":46},"end":{"line":116,"column":50}},"36":{"start":{"line":117,"column":6},"end":{"line":123,"column":7}},"37":{"start":{"line":118,"column":24},"end":{"line":118,"column":75}},"38":{"start":{"line":119,"column":8},"end":{"line":122,"column":9}},"39":{"start":{"line":120,"column":10},"end":{"line":120,"column":31}},"40":{"start":{"line":121,"column":10},"end":{"line":121,"column":16}},"41":{"start":{"line":125,"column":6},"end":{"line":127,"column":7}},"42":{"start":{"line":126,"column":8},"end":{"line":126,"column":65}},"43":{"start":{"line":130,"column":6},"end":{"line":130,"column":72}},"44":{"start":{"line":133,"column":21},"end":{"line":136,"column":null}},"45":{"start":{"line":138,"column":6},"end":{"line":138,"column":63}},"46":{"start":{"line":140,"column":6},"end":{"line":140,"column":20}},"47":{"start":{"line":142,"column":6},"end":{"line":142,"column":65}},"48":{"start":{"line":143,"column":6},"end":{"line":143,"column":63}},"49":{"start":{"line":160,"column":20},"end":{"line":160,"column":48}},"50":{"start":{"line":162,"column":40},"end":{"line":168,"column":6}},"51":{"start":{"line":170,"column":4},"end":{"line":170,"column":41}},"52":{"start":{"line":183,"column":22},"end":{"line":183,"column":57}},"53":{"start":{"line":184,"column":22},"end":{"line":184,"column":32}},"54":{"start":{"line":186,"column":4},"end":{"line":186,"column":47}},"55":{"start":{"line":188,"column":4},"end":{"line":192,"column":7}},"56":{"start":{"line":26,"column":13},"end":{"line":26,"column":24}},"57":{"start":{"line":26,"column":13},"end":{"line":194,"column":null}}},"fnMap":{"0":{"name":"(anonymous_13)","decl":{"start":{"line":29,"column":2},"end":{"line":29,"column":null}},"loc":{"start":{"line":35,"column":49},"end":{"line":36,"column":6}}},"1":{"name":"(anonymous_14)","decl":{"start":{"line":45,"column":2},"end":{"line":45,"column":7}},"loc":{"start":{"line":45,"column":33},"end":{"line":66,"column":3}}},"2":{"name":"(anonymous_15)","decl":{"start":{"line":75,"column":2},"end":{"line":75,"column":7}},"loc":{"start":{"line":75,"column":27},"end":{"line":95,"column":3}}},"3":{"name":"(anonymous_16)","decl":{"start":{"line":104,"column":2},"end":{"line":104,"column":7}},"loc":{"start":{"line":104,"column":36},"end":{"line":145,"column":3}}},"4":{"name":"(anonymous_17)","decl":{"start":{"line":155,"column":10},"end":{"line":155,"column":15}},"loc":{"start":{"line":158,"column":16},"end":{"line":171,"column":3}}},"5":{"name":"(anonymous_18)","decl":{"start":{"line":179,"column":10},"end":{"line":179,"column":15}},"loc":{"start":{"line":181,"column":24},"end":{"line":193,"column":3}}}},"branchMap":{"0":{"loc":{"start":{"line":50,"column":4},"end":{"line":52,"column":5}},"type":"if","locations":[{"start":{"line":50,"column":4},"end":{"line":52,"column":5}},{"start":{},"end":{}}]},"1":{"loc":{"start":{"line":81,"column":4},"end":{"line":83,"column":5}},"type":"if","locations":[{"start":{"line":81,"column":4},"end":{"line":83,"column":5}},{"start":{},"end":{}}]},"2":{"loc":{"start":{"line":87,"column":4},"end":{"line":89,"column":5}},"type":"if","locations":[{"start":{"line":87,"column":4},"end":{"line":89,"column":5}},{"start":{},"end":{}}]},"3":{"loc":{"start":{"line":119,"column":8},"end":{"line":122,"column":9}},"type":"if","locations":[{"start":{"line":119,"column":8},"end":{"line":122,"column":9}},{"start":{},"end":{}}]},"4":{"loc":{"start":{"line":125,"column":6},"end":{"line":127,"column":7}},"type":"if","locations":[{"start":{"line":125,"column":6},"end":{"line":127,"column":7}},{"start":{},"end":{}}]},"5":{"loc":{"start":{"line":31,"column":37},"end":{"line":31,"column":53}},"type":"cond-expr","locations":[{"start":{"line":31,"column":47},"end":{"line":31,"column":53}},{"start":{"line":31,"column":47},"end":{"line":31,"column":53}}]},"6":{"loc":{"start":{"line":31,"column":37},"end":{"line":31,"column":47}},"type":"binary-expr","locations":[{"start":{"line":31,"column":37},"end":{"line":31,"column":53}},{"start":{"line":31,"column":37},"end":{"line":31,"column":47}}]},"7":{"loc":{"start":{"line":31,"column":47},"end":{"line":33,"column":69}},"type":"cond-expr","locations":[{"start":{"line":33,"column":55},"end":{"line":33,"column":69}},{"start":{"line":33,"column":55},"end":{"line":33,"column":69}}]},"8":{"loc":{"start":{"line":31,"column":47},"end":{"line":33,"column":55}},"type":"binary-expr","locations":[{"start":{"line":31,"column":47},"end":{"line":33,"column":69}},{"start":{"line":33,"column":45},"end":{"line":33,"column":55}}]},"9":{"loc":{"start":{"line":33,"column":55},"end":{"line":34,"column":null}},"type":"cond-expr","locations":[{"start":{"line":34,"column":43},"end":{"line":34,"column":null}},{"start":{"line":34,"column":43},"end":{"line":34,"column":null}}]},"10":{"loc":{"start":{"line":33,"column":55},"end":{"line":34,"column":43}},"type":"binary-expr","locations":[{"start":{"line":33,"column":55},"end":{"line":34,"column":null}},{"start":{"line":34,"column":33},"end":{"line":34,"column":43}}]},"11":{"loc":{"start":{"line":34,"column":43},"end":{"line":35,"column":null}},"type":"cond-expr","locations":[{"start":{"line":35,"column":49},"end":{"line":35,"column":null}},{"start":{"line":35,"column":49},"end":{"line":35,"column":null}}]},"12":{"loc":{"start":{"line":34,"column":43},"end":{"line":35,"column":49}},"type":"binary-expr","locations":[{"start":{"line":34,"column":43},"end":{"line":35,"column":null}},{"start":{"line":35,"column":36},"end":{"line":35,"column":49}}]}},"s":{"0":0,"1":0,"2":0,"3":0,"4":0,"5":0,"6":0,"7":0,"8":0,"9":0,"10":0,"11":0,"12":0,"13":0,"14":0,"15":0,"16":0,"17":0,"18":0,"19":0,"20":0,"21":0,"22":0,"23":0,"24":0,"25":0,"26":0,"27":0,"28":0,"29":0,"30":0,"31":0,"32":0,"33":0,"34":0,"35":0,"36":0,"37":0,"38":0,"39":0,"40":0,"41":0,"42":0,"43":0,"44":0,"45":0,"46":0,"47":0,"48":0,"49":0,"50":0,"51":0,"52":0,"53":0,"54":0,"55":0,"56":0,"57":0},"f":{"0":0,"1":0,"2":0,"3":0,"4":0,"5":0},"b":{"0":[0,0],"1":[0,0],"2":[0,0],"3":[0,0],"4":[0,0],"5":[0,0],"6":[0,0],"7":[0,0],"8":[0,0],"9":[0,0],"10":[0,0],"11":[0,0],"12":[0,0]}}
,"D:\\Projects\\wasm-thobe\\apps\\backend\\src\\modules\\auth\\dto\\login.dto.ts": {"path":"D:\\Projects\\wasm-thobe\\apps\\backend\\src\\modules\\auth\\dto\\login.dto.ts","statementMap":{"0":{"start":{"line":7,"column":0},"end":{"line":7,"column":52}},"1":{"start":{"line":8,"column":0},"end":{"line":8,"column":46}},"2":{"start":{"line":10,"column":0},"end":{"line":10,"column":13}},"3":{"start":{"line":13,"column":11},"end":{"line":13,"column":null}},"4":{"start":{"line":17,"column":11},"end":{"line":17,"column":null}}},"fnMap":{},"branchMap":{},"s":{"0":0,"1":0,"2":0,"3":0,"4":0},"f":{},"b":{}}
,"D:\\Projects\\wasm-thobe\\apps\\backend\\src\\modules\\auth\\dto\\register.dto.ts": {"path":"D:\\Projects\\wasm-thobe\\apps\\backend\\src\\modules\\auth\\dto\\register.dto.ts","statementMap":{"0":{"start":{"line":7,"column":0},"end":{"line":7,"column":null}},"1":{"start":{"line":13,"column":0},"end":{"line":13,"column":46}},"2":{"start":{"line":15,"column":0},"end":{"line":15,"column":13}},"3":{"start":{"line":18,"column":11},"end":{"line":18,"column":null}},"4":{"start":{"line":23,"column":11},"end":{"line":23,"column":null}},"5":{"start":{"line":28,"column":11},"end":{"line":28,"column":null}}},"fnMap":{},"branchMap":{},"s":{"0":0,"1":0,"2":0,"3":0,"4":0,"5":0},"f":{},"b":{}}
,"D:\\Projects\\wasm-thobe\\apps\\backend\\src\\modules\\auth\\entities\\refresh-token.entity.ts": {"path":"D:\\Projects\\wasm-thobe\\apps\\backend\\src\\modules\\auth\\entities\\refresh-token.entity.ts","statementMap":{"0":{"start":{"line":8,"column":0},"end":{"line":8,"column":null}},"1":{"start":{"line":19,"column":7},"end":{"line":34,"column":null}},"2":{"start":{"line":19,"column":13},"end":{"line":19,"column":25}},"3":{"start":{"line":21,"column":2},"end":{"line":21,"column":null}},"4":{"start":{"line":24,"column":2},"end":{"line":24,"column":null}},"5":{"start":{"line":27,"column":2},"end":{"line":27,"column":21}},"6":{"start":{"line":30,"column":2},"end":{"line":30,"column":null}},"7":{"start":{"line":33,"column":2},"end":{"line":33,"column":null}},"8":{"start":{"line":19,"column":13},"end":{"line":34,"column":null}}},"fnMap":{},"branchMap":{"0":{"loc":{"start":{"line":30,"column":13},"end":{"line":30,"column":18}},"type":"cond-expr","locations":[{"start":{"line":30,"column":17},"end":{"line":30,"column":18}},{"start":{"line":30,"column":17},"end":{"line":30,"column":18}}]},"1":{"loc":{"start":{"line":30,"column":13},"end":{"line":30,"column":17}},"type":"binary-expr","locations":[{"start":{"line":30,"column":13},"end":{"line":30,"column":18}},{"start":{"line":30,"column":13},"end":{"line":30,"column":17}}]},"2":{"loc":{"start":{"line":33,"column":13},"end":{"line":33,"column":18}},"type":"cond-expr","locations":[{"start":{"line":33,"column":17},"end":{"line":33,"column":18}},{"start":{"line":33,"column":17},"end":{"line":33,"column":18}}]},"3":{"loc":{"start":{"line":33,"column":13},"end":{"line":33,"column":17}},"type":"binary-expr","locations":[{"start":{"line":33,"column":13},"end":{"line":33,"column":18}},{"start":{"line":33,"column":13},"end":{"line":33,"column":17}}]}},"s":{"0":0,"1":0,"2":0,"3":0,"4":0,"5":0,"6":0,"7":0,"8":0},"f":{},"b":{"0":[0,0],"1":[0,0],"2":[0,0],"3":[0,0]}}
,"D:\\Projects\\wasm-thobe\\apps\\backend\\src\\modules\\auth\\strategies\\jwt.strategy.ts": {"path":"D:\\Projects\\wasm-thobe\\apps\\backend\\src\\modules\\auth\\strategies\\jwt.strategy.ts","statementMap":{"0":{"start":{"line":8,"column":0},"end":{"line":8,"column":67}},"1":{"start":{"line":9,"column":0},"end":{"line":9,"column":52}},"2":{"start":{"line":10,"column":0},"end":{"line":10,"column":52}},"3":{"start":{"line":11,"column":0},"end":{"line":11,"column":47}},"4":{"start":{"line":14,"column":7},"end":{"line":33,"column":null}},"5":{"start":{"line":16,"column":4},"end":{"line":20,"column":7}},"6":{"start":{"line":15,"column":31},"end":{"line":15,"column":46}},"7":{"start":{"line":31,"column":4},"end":{"line":31,"column":77}},"8":{"start":{"line":14,"column":13},"end":{"line":14,"column":24}},"9":{"start":{"line":14,"column":13},"end":{"line":33,"column":null}}},"fnMap":{"0":{"name":"(anonymous_2)","decl":{"start":{"line":15,"column":2},"end":{"line":15,"column":31}},"loc":{"start":{"line":15,"column":59},"end":{"line":21,"column":3}}},"1":{"name":"(anonymous_3)","decl":{"start":{"line":29,"column":2},"end":{"line":29,"column":7}},"loc":{"start":{"line":29,"column":29},"end":{"line":32,"column":3}}}},"branchMap":{"0":{"loc":{"start":{"line":15,"column":46},"end":{"line":15,"column":null}},"type":"cond-expr","locations":[{"start":{"line":15,"column":59},"end":{"line":15,"column":null}},{"start":{"line":15,"column":59},"end":{"line":15,"column":null}}]},"1":{"loc":{"start":{"line":15,"column":46},"end":{"line":15,"column":59}},"type":"binary-expr","locations":[{"start":{"line":15,"column":46},"end":{"line":15,"column":null}},{"start":{"line":15,"column":46},"end":{"line":15,"column":59}}]}},"s":{"0":0,"1":0,"2":0,"3":0,"4":0,"5":0,"6":0,"7":0,"8":0,"9":0},"f":{"0":0,"1":0},"b":{"0":[0,0],"1":[0,0]}}
,"D:\\Projects\\wasm-thobe\\apps\\backend\\src\\modules\\customization\\customization.controller.ts": {"path":"D:\\Projects\\wasm-thobe\\apps\\backend\\src\\modules\\customization\\customization.controller.ts","statementMap":{"0":{"start":{"line":8,"column":0},"end":{"line":8,"column":72}},"1":{"start":{"line":9,"column":0},"end":{"line":9,"column":84}},"2":{"start":{"line":10,"column":0},"end":{"line":10,"column":86}},"3":{"start":{"line":11,"column":0},"end":{"line":11,"column":72}},"4":{"start":{"line":13,"column":0},"end":{"line":13,"column":66}},"5":{"start":{"line":17,"column":7},"end":{"line":49,"column":null}},"6":{"start":{"line":18,"column":31},"end":{"line":18,"column":53}},"7":{"start":{"line":30,"column":4},"end":{"line":30,"column":50}},"8":{"start":{"line":47,"column":4},"end":{"line":47,"column":49}},"9":{"start":{"line":17,"column":13},"end":{"line":17,"column":36}},"10":{"start":{"line":29,"column":8},"end":{"line":31,"column":null}},"11":{"start":{"line":46,"column":8},"end":{"line":48,"column":null}},"12":{"start":{"line":17,"column":13},"end":{"line":49,"column":null}}},"fnMap":{"0":{"name":"(anonymous_4)","decl":{"start":{"line":18,"column":2},"end":{"line":18,"column":31}},"loc":{"start":{"line":18,"column":73},"end":{"line":18,"column":77}}},"1":{"name":"(anonymous_5)","decl":{"start":{"line":29,"column":8},"end":{"line":29,"column":18}},"loc":{"start":{"line":29,"column":18},"end":{"line":31,"column":3}}},"2":{"name":"(anonymous_6)","decl":{"start":{"line":46,"column":8},"end":{"line":46,"column":14}},"loc":{"start":{"line":46,"column":50},"end":{"line":48,"column":3}}}},"branchMap":{"0":{"loc":{"start":{"line":29,"column":22},"end":{"line":29,"column":null}},"type":"cond-expr","locations":[{"start":{"line":29,"column":29},"end":{"line":29,"column":null}},{"start":{"line":29,"column":29},"end":{"line":29,"column":null}}]},"1":{"loc":{"start":{"line":29,"column":22},"end":{"line":29,"column":29}},"type":"binary-expr","locations":[{"start":{"line":29,"column":22},"end":{"line":29,"column":null}},{"start":{"line":29,"column":22},"end":{"line":29,"column":29}}]},"2":{"loc":{"start":{"line":46,"column":28},"end":{"line":46,"column":53}},"type":"cond-expr","locations":[{"start":{"line":46,"column":50},"end":{"line":46,"column":53}},{"start":{"line":46,"column":50},"end":{"line":46,"column":53}}]},"3":{"loc":{"start":{"line":46,"column":28},"end":{"line":46,"column":50}},"type":"binary-expr","locations":[{"start":{"line":46,"column":28},"end":{"line":46,"column":53}},{"start":{"line":46,"column":28},"end":{"line":46,"column":50}}]},"4":{"loc":{"start":{"line":46,"column":53},"end":{"line":46,"column":null}},"type":"cond-expr","locations":[{"start":{"line":46,"column":60},"end":{"line":46,"column":null}},{"start":{"line":46,"column":60},"end":{"line":46,"column":null}}]},"5":{"loc":{"start":{"line":46,"column":53},"end":{"line":46,"column":60}},"type":"binary-expr","locations":[{"start":{"line":46,"column":53},"end":{"line":46,"column":null}},{"start":{"line":46,"column":53},"end":{"line":46,"column":60}}]},"6":{"loc":{"start":{"line":18,"column":53},"end":{"line":18,"column":76}},"type":"cond-expr","locations":[{"start":{"line":18,"column":73},"end":{"line":18,"column":76}},{"start":{"line":18,"column":73},"end":{"line":18,"column":76}}]},"7":{"loc":{"start":{"line":18,"column":53},"end":{"line":18,"column":73}},"type":"binary-expr","locations":[{"start":{"line":18,"column":53},"end":{"line":18,"column":76}},{"start":{"line":18,"column":53},"end":{"line":18,"column":73}}]}},"s":{"0":0,"1":0,"2":0,"3":0,"4":0,"5":0,"6":0,"7":0,"8":0,"9":0,"10":0,"11":0,"12":0},"f":{"0":0,"1":0,"2":0},"b":{"0":[0,0],"1":[0,0],"2":[0,0],"3":[0,0],"4":[0,0],"5":[0,0],"6":[0,0],"7":[0,0]}}
,"D:\\Projects\\wasm-thobe\\apps\\backend\\src\\modules\\customization\\customization.module.ts": {"path":"D:\\Projects\\wasm-thobe\\apps\\backend\\src\\modules\\customization\\customization.module.ts","statementMap":{"0":{"start":{"line":7,"column":0},"end":{"line":7,"column":40}},"1":{"start":{"line":8,"column":0},"end":{"line":8,"column":48}},"2":{"start":{"line":9,"column":0},"end":{"line":9,"column":63}},"3":{"start":{"line":10,"column":0},"end":{"line":10,"column":69}},"4":{"start":{"line":11,"column":0},"end":{"line":11,"column":48}},"5":{"start":{"line":12,"column":0},"end":{"line":12,"column":50}},"6":{"start":{"line":13,"column":0},"end":{"line":13,"column":56}},"7":{"start":{"line":14,"column":0},"end":{"line":14,"column":64}},"8":{"start":{"line":15,"column":0},"end":{"line":15,"column":65}},"9":{"start":{"line":25,"column":7},"end":{"line":25,"column":null}},"10":{"start":{"line":25,"column":13},"end":{"line":25,"column":32}},"11":{"start":{"line":25,"column":13},"end":{"line":25,"column":null}}},"fnMap":{},"branchMap":{},"s":{"0":0,"1":0,"2":0,"3":0,"4":0,"5":0,"6":0,"7":0,"8":0,"9":0,"10":0,"11":0},"f":{},"b":{}}
,"D:\\Projects\\wasm-thobe\\apps\\backend\\src\\modules\\customization\\customization.service.ts": {"path":"D:\\Projects\\wasm-thobe\\apps\\backend\\src\\modules\\customization\\customization.service.ts","statementMap":{"0":{"start":{"line":8,"column":0},"end":{"line":8,"column":71}},"1":{"start":{"line":9,"column":0},"end":{"line":9,"column":51}},"2":{"start":{"line":10,"column":0},"end":{"line":10,"column":41}},"3":{"start":{"line":11,"column":0},"end":{"line":11,"column":48}},"4":{"start":{"line":12,"column":0},"end":{"line":12,"column":50}},"5":{"start":{"line":13,"column":0},"end":{"line":13,"column":56}},"6":{"start":{"line":14,"column":0},"end":{"line":14,"column":64}},"7":{"start":{"line":16,"column":0},"end":{"line":16,"column":65}},"8":{"start":{"line":25,"column":33},"end":{"line":98,"column":null}},"9":{"start":{"line":26,"column":28},"end":{"line":26,"column":65}},"10":{"start":{"line":30,"column":21},"end":{"line":30,"column":38}},"11":{"start":{"line":32,"column":21},"end":{"line":32,"column":39}},"12":{"start":{"line":34,"column":21},"end":{"line":34,"column":42}},"13":{"start":{"line":36,"column":21},"end":{"line":36,"column":46}},"14":{"start":{"line":37,"column":21},"end":{"line":37,"column":44}},"15":{"start":{"line":46,"column":43},"end":{"line":50,"column":6}},"16":{"start":{"line":52,"column":4},"end":{"line":52,"column":44}},"17":{"start":{"line":63,"column":18},"end":{"line":65,"column":6}},"18":{"start":{"line":66,"column":4},"end":{"line":68,"column":5}},"19":{"start":{"line":67,"column":6},"end":{"line":67,"column":68}},"20":{"start":{"line":70,"column":19},"end":{"line":72,"column":6}},"21":{"start":{"line":73,"column":4},"end":{"line":75,"column":5}},"22":{"start":{"line":74,"column":6},"end":{"line":74,"column":70}},"23":{"start":{"line":77,"column":35},"end":{"line":77,"column":37}},"24":{"start":{"line":78,"column":4},"end":{"line":82,"column":5}},"25":{"start":{"line":79,"column":6},"end":{"line":81,"column":9}},"26":{"start":{"line":86,"column":6},"end":{"line":87,"column":20}},"27":{"start":{"line":89,"column":26},"end":{"line":94,"column":6}},"28":{"start":{"line":96,"column":4},"end":{"line":96,"column":60}},"29":{"start":{"line":25,"column":13},"end":{"line":25,"column":33}},"30":{"start":{"line":25,"column":13},"end":{"line":98,"column":null}}},"fnMap":{"0":{"name":"(anonymous_4)","decl":{"start":{"line":28,"column":2},"end":{"line":28,"column":null}},"loc":{"start":{"line":37,"column":65},"end":{"line":38,"column":6}}},"1":{"name":"(anonymous_5)","decl":{"start":{"line":45,"column":2},"end":{"line":45,"column":7}},"loc":{"start":{"line":45,"column":18},"end":{"line":53,"column":3}}},"2":{"name":"(anonymous_6)","decl":{"start":{"line":62,"column":2},"end":{"line":62,"column":7}},"loc":{"start":{"line":62,"column":42},"end":{"line":97,"column":3}}}},"branchMap":{"0":{"loc":{"start":{"line":66,"column":4},"end":{"line":68,"column":5}},"type":"if","locations":[{"start":{"line":66,"column":4},"end":{"line":68,"column":5}},{"start":{},"end":{}}]},"1":{"loc":{"start":{"line":73,"column":4},"end":{"line":75,"column":5}},"type":"if","locations":[{"start":{"line":73,"column":4},"end":{"line":75,"column":5}},{"start":{},"end":{}}]},"2":{"loc":{"start":{"line":78,"column":4},"end":{"line":82,"column":5}},"type":"if","locations":[{"start":{"line":78,"column":4},"end":{"line":82,"column":5}},{"start":{},"end":{}}]},"3":{"loc":{"start":{"line":78,"column":8},"end":{"line":78,"column":55}},"type":"binary-expr","locations":[{"start":{"line":78,"column":8},"end":{"line":78,"column":24}},{"start":{"line":78,"column":28},"end":{"line":78,"column":55}}]},"4":{"loc":{"start":{"line":86,"column":6},"end":{"line":87,"column":20}},"type":"binary-expr","locations":[{"start":{"line":86,"column":6},"end":{"line":86,"column":66}},{"start":{"line":87,"column":6},"end":{"line":87,"column":20}}]},"5":{"loc":{"start":{"line":30,"column":38},"end":{"line":30,"column":55}},"type":"cond-expr","locations":[{"start":{"line":30,"column":48},"end":{"line":30,"column":55}},{"start":{"line":30,"column":48},"end":{"line":30,"column":55}}]},"6":{"loc":{"start":{"line":30,"column":38},"end":{"line":30,"column":48}},"type":"binary-expr","locations":[{"start":{"line":30,"column":38},"end":{"line":30,"column":55}},{"start":{"line":30,"column":38},"end":{"line":30,"column":48}}]},"7":{"loc":{"start":{"line":30,"column":48},"end":{"line":32,"column":57}},"type":"cond-expr","locations":[{"start":{"line":32,"column":49},"end":{"line":32,"column":57}},{"start":{"line":32,"column":49},"end":{"line":32,"column":57}}]},"8":{"loc":{"start":{"line":30,"column":48},"end":{"line":32,"column":49}},"type":"binary-expr","locations":[{"start":{"line":30,"column":48},"end":{"line":32,"column":57}},{"start":{"line":32,"column":39},"end":{"line":32,"column":49}}]},"9":{"loc":{"start":{"line":32,"column":49},"end":{"line":34,"column":63}},"type":"cond-expr","locations":[{"start":{"line":34,"column":52},"end":{"line":34,"column":63}},{"start":{"line":34,"column":52},"end":{"line":34,"column":63}}]},"10":{"loc":{"start":{"line":32,"column":49},"end":{"line":34,"column":52}},"type":"binary-expr","locations":[{"start":{"line":32,"column":49},"end":{"line":34,"column":63}},{"start":{"line":34,"column":42},"end":{"line":34,"column":52}}]},"11":{"loc":{"start":{"line":34,"column":52},"end":{"line":36,"column":71}},"type":"cond-expr","locations":[{"start":{"line":36,"column":56},"end":{"line":36,"column":71}},{"start":{"line":36,"column":56},"end":{"line":36,"column":71}}]},"12":{"loc":{"start":{"line":34,"column":52},"end":{"line":36,"column":56}},"type":"binary-expr","locations":[{"start":{"line":34,"column":52},"end":{"line":36,"column":71}},{"start":{"line":36,"column":46},"end":{"line":36,"column":56}}]},"13":{"loc":{"start":{"line":36,"column":56},"end":{"line":37,"column":null}},"type":"cond-expr","locations":[{"start":{"line":37,"column":65},"end":{"line":37,"column":null}},{"start":{"line":37,"column":65},"end":{"line":37,"column":null}}]},"14":{"loc":{"start":{"line":36,"column":56},"end":{"line":37,"column":65}},"type":"binary-expr","locations":[{"start":{"line":36,"column":56},"end":{"line":37,"column":null}},{"start":{"line":37,"column":44},"end":{"line":37,"column":65}}]}},"s":{"0":0,"1":0,"2":0,"3":0,"4":0,"5":0,"6":0,"7":0,"8":0,"9":0,"10":0,"11":0,"12":0,"13":0,"14":0,"15":0,"16":0,"17":0,"18":0,"19":0,"20":0,"21":0,"22":0,"23":0,"24":0,"25":0,"26":0,"27":0,"28":0,"29":0,"30":0},"f":{"0":0,"1":0,"2":0},"b":{"0":[0,0],"1":[0,0],"2":[0,0],"3":[0,0],"4":[0,0],"5":[0,0],"6":[0,0],"7":[0,0],"8":[0,0],"9":[0,0],"10":[0,0],"11":[0,0],"12":[0,0],"13":[0,0],"14":[0,0]}}
,"D:\\Projects\\wasm-thobe\\apps\\backend\\src\\modules\\customization\\recommendation.service.ts": {"path":"D:\\Projects\\wasm-thobe\\apps\\backend\\src\\modules\\customization\\recommendation.service.ts","statementMap":{"0":{"start":{"line":8,"column":0},"end":{"line":8,"column":66}},"1":{"start":{"line":9,"column":0},"end":{"line":9,"column":25}},"2":{"start":{"line":10,"column":0},"end":{"line":10,"column":29}},"3":{"start":{"line":19,"column":34},"end":{"line":65,"column":null}},"4":{"start":{"line":20,"column":28},"end":{"line":20,"column":66}},"5":{"start":{"line":21,"column":41},"end":{"line":21,"column":43}},"6":{"start":{"line":27,"column":23},"end":{"line":27,"column":73}},"7":{"start":{"line":28,"column":4},"end":{"line":46,"column":5}},"8":{"start":{"line":29,"column":6},"end":{"line":42,"column":7}},"9":{"start":{"line":30,"column":21},"end":{"line":30,"column":56}},"10":{"start":{"line":31,"column":8},"end":{"line":31,"column":38}},"11":{"start":{"line":34,"column":24},"end":{"line":36,"column":null}},"12":{"start":{"line":38,"column":8},"end":{"line":41,"column":9}},"13":{"start":{"line":39,"column":23},"end":{"line":39,"column":55}},"14":{"start":{"line":40,"column":10},"end":{"line":40,"column":40}},"15":{"start":{"line":44,"column":6},"end":{"line":44,"column":81}},"16":{"start":{"line":45,"column":6},"end":{"line":45,"column":22}},"17":{"start":{"line":57,"column":24},"end":{"line":60,"column":null}},"18":{"start":{"line":59,"column":8},"end":{"line":60,"column":66}},"19":{"start":{"line":63,"column":4},"end":{"line":63,"column":50}},"20":{"start":{"line":19,"column":13},"end":{"line":19,"column":34}},"21":{"start":{"line":19,"column":13},"end":{"line":65,"column":null}}},"fnMap":{"0":{"name":"(anonymous_10)","decl":{"start":{"line":26,"column":2},"end":{"line":26,"column":14}},"loc":{"start":{"line":26,"column":14},"end":{"line":47,"column":3}}},"1":{"name":"(anonymous_11)","decl":{"start":{"line":56,"column":2},"end":{"line":56,"column":10}},"loc":{"start":{"line":56,"column":48},"end":{"line":64,"column":3}}},"2":{"name":"(anonymous_12)","decl":{"start":{"line":58,"column":6},"end":{"line":58,"column":7}},"loc":{"start":{"line":59,"column":8},"end":{"line":60,"column":66}}}},"branchMap":{"0":{"loc":{"start":{"line":29,"column":6},"end":{"line":42,"column":7}},"type":"if","locations":[{"start":{"line":29,"column":6},"end":{"line":42,"column":7}},{"start":{"line":32,"column":13},"end":{"line":42,"column":7}}]},"1":{"loc":{"start":{"line":38,"column":8},"end":{"line":41,"column":9}},"type":"if","locations":[{"start":{"line":38,"column":8},"end":{"line":41,"column":9}},{"start":{},"end":{}}]},"2":{"loc":{"start":{"line":59,"column":8},"end":{"line":60,"column":66}},"type":"binary-expr","locations":[{"start":{"line":59,"column":8},"end":{"line":59,"column":64}},{"start":{"line":60,"column":8},"end":{"line":60,"column":66}}]},"3":{"loc":{"start":{"line":63,"column":11},"end":{"line":63,"column":49}},"type":"cond-expr","locations":[{"start":{"line":63,"column":25},"end":{"line":63,"column":42}},{"start":{"line":63,"column":45},"end":{"line":63,"column":49}}]}},"s":{"0":1,"1":1,"2":1,"3":1,"4":8,"5":8,"6":8,"7":8,"8":8,"9":7,"10":7,"11":1,"12":1,"13":0,"14":0,"15":1,"16":1,"17":6,"18":6,"19":6,"20":1,"21":1},"f":{"0":8,"1":6,"2":6},"b":{"0":[7,1],"1":[0,1],"2":[6,3],"3":[3,3]}}
,"D:\\Projects\\wasm-thobe\\apps\\backend\\src\\modules\\customization\\dto\\create-customization.dto.ts": {"path":"D:\\Projects\\wasm-thobe\\apps\\backend\\src\\modules\\customization\\dto\\create-customization.dto.ts","statementMap":{"0":{"start":{"line":7,"column":0},"end":{"line":7,"column":62}},"1":{"start":{"line":8,"column":0},"end":{"line":8,"column":46}},"2":{"start":{"line":10,"column":0},"end":{"line":10,"column":13}},"3":{"start":{"line":13,"column":11},"end":{"line":13,"column":null}},"4":{"start":{"line":17,"column":11},"end":{"line":17,"column":null}},"5":{"start":{"line":27,"column":11},"end":{"line":27,"column":null}}},"fnMap":{},"branchMap":{},"s":{"0":0,"1":0,"2":0,"3":0,"4":0,"5":0},"f":{},"b":{}}
,"D:\\Projects\\wasm-thobe\\apps\\backend\\src\\modules\\customization\\entities\\accessory.entity.ts": {"path":"D:\\Projects\\wasm-thobe\\apps\\backend\\src\\modules\\customization\\entities\\accessory.entity.ts","statementMap":{"0":{"start":{"line":7,"column":0},"end":{"line":7,"column":65}},"1":{"start":{"line":10,"column":7},"end":{"line":22,"column":null}},"2":{"start":{"line":10,"column":13},"end":{"line":10,"column":22}},"3":{"start":{"line":12,"column":2},"end":{"line":12,"column":null}},"4":{"start":{"line":15,"column":2},"end":{"line":15,"column":null}},"5":{"start":{"line":18,"column":2},"end":{"line":18,"column":16}},"6":{"start":{"line":21,"column":2},"end":{"line":21,"column":null}},"7":{"start":{"line":10,"column":13},"end":{"line":22,"column":null}}},"fnMap":{},"branchMap":{},"s":{"0":0,"1":0,"2":0,"3":0,"4":0,"5":0,"6":0,"7":0},"f":{},"b":{}}
,"D:\\Projects\\wasm-thobe\\apps\\backend\\src\\modules\\customization\\entities\\color.entity.ts": {"path":"D:\\Projects\\wasm-thobe\\apps\\backend\\src\\modules\\customization\\entities\\color.entity.ts","statementMap":{"0":{"start":{"line":7,"column":0},"end":{"line":7,"column":65}},"1":{"start":{"line":10,"column":7},"end":{"line":19,"column":null}},"2":{"start":{"line":10,"column":13},"end":{"line":10,"column":18}},"3":{"start":{"line":12,"column":2},"end":{"line":12,"column":null}},"4":{"start":{"line":15,"column":2},"end":{"line":15,"column":null}},"5":{"start":{"line":18,"column":2},"end":{"line":18,"column":19}},"6":{"start":{"line":10,"column":13},"end":{"line":19,"column":null}}},"fnMap":{},"branchMap":{},"s":{"0":0,"1":0,"2":0,"3":0,"4":0,"5":0,"6":0},"f":{},"b":{}}
,"D:\\Projects\\wasm-thobe\\apps\\backend\\src\\modules\\customization\\entities\\customization.entity.ts": {"path":"D:\\Projects\\wasm-thobe\\apps\\backend\\src\\modules\\customization\\entities\\customization.entity.ts","statementMap":{"0":{"start":{"line":8,"column":0},"end":{"line":8,"column":null}},"1":{"start":{"line":18,"column":0},"end":{"line":18,"column":39}},"2":{"start":{"line":19,"column":0},"end":{"line":19,"column":41}},"3":{"start":{"line":20,"column":0},"end":{"line":20,"column":47}},"4":{"start":{"line":23,"column":7},"end":{"line":50,"column":null}},"5":{"start":{"line":23,"column":13},"end":{"line":23,"column":26}},"6":{"start":{"line":25,"column":2},"end":{"line":25,"column":null}},"7":{"start":{"line":28,"column":2},"end":{"line":28,"column":null}},"8":{"start":{"line":31,"column":2},"end":{"line":31,"column":null}},"9":{"start":{"line":34,"column":2},"end":{"line":34,"column":null}},"10":{"start":{"line":38,"column":2},"end":{"line":38,"column":null}},"11":{"start":{"line":36,"column":19},"end":{"line":36,"column":24}},"12":{"start":{"line":42,"column":2},"end":{"line":42,"column":null}},"13":{"start":{"line":40,"column":19},"end":{"line":40,"column":25}},"14":{"start":{"line":46,"column":2},"end":{"line":46,"column":null}},"15":{"start":{"line":44,"column":20},"end":{"line":44,"column":29}},"16":{"start":{"line":49,"column":2},"end":{"line":49,"column":null}},"17":{"start":{"line":23,"column":13},"end":{"line":50,"column":null}}},"fnMap":{"0":{"name":"(anonymous_2)","decl":{"start":{"line":36,"column":13},"end":{"line":36,"column":16}},"loc":{"start":{"line":36,"column":19},"end":{"line":36,"column":24}}},"1":{"name":"(anonymous_3)","decl":{"start":{"line":40,"column":13},"end":{"line":40,"column":16}},"loc":{"start":{"line":40,"column":19},"end":{"line":40,"column":25}}},"2":{"name":"(anonymous_4)","decl":{"start":{"line":44,"column":14},"end":{"line":44,"column":17}},"loc":{"start":{"line":44,"column":20},"end":{"line":44,"column":29}}}},"branchMap":{"0":{"loc":{"start":{"line":38,"column":9},"end":{"line":38,"column":15}},"type":"cond-expr","locations":[{"start":{"line":38,"column":14},"end":{"line":38,"column":15}},{"start":{"line":38,"column":14},"end":{"line":38,"column":15}}]},"1":{"loc":{"start":{"line":38,"column":9},"end":{"line":38,"column":14}},"type":"binary-expr","locations":[{"start":{"line":38,"column":9},"end":{"line":38,"column":15}},{"start":{"line":38,"column":9},"end":{"line":38,"column":14}}]},"2":{"loc":{"start":{"line":42,"column":10},"end":{"line":42,"column":17}},"type":"cond-expr","locations":[{"start":{"line":42,"column":16},"end":{"line":42,"column":17}},{"start":{"line":42,"column":16},"end":{"line":42,"column":17}}]},"3":{"loc":{"start":{"line":42,"column":10},"end":{"line":42,"column":16}},"type":"binary-expr","locations":[{"start":{"line":42,"column":10},"end":{"line":42,"column":17}},{"start":{"line":42,"column":10},"end":{"line":42,"column":16}}]},"4":{"loc":{"start":{"line":49,"column":13},"end":{"line":49,"column":18}},"type":"cond-expr","locations":[{"start":{"line":49,"column":17},"end":{"line":49,"column":18}},{"start":{"line":49,"column":17},"end":{"line":49,"column":18}}]},"5":{"loc":{"start":{"line":49,"column":13},"end":{"line":49,"column":17}},"type":"binary-expr","locations":[{"start":{"line":49,"column":13},"end":{"line":49,"column":18}},{"start":{"line":49,"column":13},"end":{"line":49,"column":17}}]}},"s":{"0":0,"1":0,"2":0,"3":0,"4":0,"5":0,"6":0,"7":0,"8":0,"9":0,"10":0,"11":0,"12":0,"13":0,"14":0,"15":0,"16":0,"17":0},"f":{"0":0,"1":0,"2":0},"b":{"0":[0,0],"1":[0,0],"2":[0,0],"3":[0,0],"4":[0,0],"5":[0,0]}}
,"D:\\Projects\\wasm-thobe\\apps\\backend\\src\\modules\\customization\\entities\\fabric.entity.ts": {"path":"D:\\Projects\\wasm-thobe\\apps\\backend\\src\\modules\\customization\\entities\\fabric.entity.ts","statementMap":{"0":{"start":{"line":7,"column":0},"end":{"line":7,"column":65}},"1":{"start":{"line":10,"column":7},"end":{"line":31,"column":null}},"2":{"start":{"line":10,"column":13},"end":{"line":10,"column":19}},"3":{"start":{"line":12,"column":2},"end":{"line":12,"column":null}},"4":{"start":{"line":15,"column":2},"end":{"line":15,"column":null}},"5":{"start":{"line":18,"column":2},"end":{"line":18,"column":null}},"6":{"start":{"line":27,"column":2},"end":{"line":27,"column":null}},"7":{"start":{"line":30,"column":2},"end":{"line":30,"column":31}},"8":{"start":{"line":10,"column":13},"end":{"line":31,"column":null}}},"fnMap":{},"branchMap":{},"s":{"0":0,"1":0,"2":0,"3":0,"4":0,"5":0,"6":0,"7":0,"8":0},"f":{},"b":{}}
,"D:\\Projects\\wasm-thobe\\apps\\backend\\src\\modules\\users\\users.controller.ts": {"path":"D:\\Projects\\wasm-thobe\\apps\\backend\\src\\modules\\users\\users.controller.ts","statementMap":{"0":{"start":{"line":8,"column":0},"end":{"line":8,"column":60}},"1":{"start":{"line":9,"column":0},"end":{"line":9,"column":84}},"2":{"start":{"line":10,"column":0},"end":{"line":10,"column":47}},"3":{"start":{"line":12,"column":0},"end":{"line":12,"column":66}},"4":{"start":{"line":13,"column":0},"end":{"line":13,"column":77}},"5":{"start":{"line":18,"column":7},"end":{"line":35,"column":null}},"6":{"start":{"line":19,"column":31},"end":{"line":19,"column":45}},"7":{"start":{"line":33,"column":4},"end":{"line":33,"column":51}},"8":{"start":{"line":18,"column":13},"end":{"line":18,"column":28}},"9":{"start":{"line":32,"column":8},"end":{"line":34,"column":null}},"10":{"start":{"line":18,"column":13},"end":{"line":35,"column":null}}},"fnMap":{"0":{"name":"(anonymous_4)","decl":{"start":{"line":19,"column":2},"end":{"line":19,"column":31}},"loc":{"start":{"line":19,"column":57},"end":{"line":19,"column":61}}},"1":{"name":"(anonymous_5)","decl":{"start":{"line":32,"column":8},"end":{"line":32,"column":18}},"loc":{"start":{"line":32,"column":43},"end":{"line":34,"column":3}}}},"branchMap":{"0":{"loc":{"start":{"line":32,"column":46},"end":{"line":32,"column":null}},"type":"cond-expr","locations":[{"start":{"line":32,"column":53},"end":{"line":32,"column":null}},{"start":{"line":32,"column":53},"end":{"line":32,"column":null}}]},"1":{"loc":{"start":{"line":32,"column":46},"end":{"line":32,"column":53}},"type":"binary-expr","locations":[{"start":{"line":32,"column":46},"end":{"line":32,"column":null}},{"start":{"line":32,"column":46},"end":{"line":32,"column":53}}]},"2":{"loc":{"start":{"line":19,"column":45},"end":{"line":19,"column":60}},"type":"cond-expr","locations":[{"start":{"line":19,"column":57},"end":{"line":19,"column":60}},{"start":{"line":19,"column":57},"end":{"line":19,"column":60}}]},"3":{"loc":{"start":{"line":19,"column":45},"end":{"line":19,"column":57}},"type":"binary-expr","locations":[{"start":{"line":19,"column":45},"end":{"line":19,"column":60}},{"start":{"line":19,"column":45},"end":{"line":19,"column":57}}]}},"s":{"0":0,"1":0,"2":0,"3":0,"4":0,"5":0,"6":0,"7":0,"8":0,"9":0,"10":0},"f":{"0":0,"1":0},"b":{"0":[0,0],"1":[0,0],"2":[0,0],"3":[0,0]}}
,"D:\\Projects\\wasm-thobe\\apps\\backend\\src\\modules\\users\\users.module.ts": {"path":"D:\\Projects\\wasm-thobe\\apps\\backend\\src\\modules\\users\\users.module.ts","statementMap":{"0":{"start":{"line":7,"column":0},"end":{"line":7,"column":40}},"1":{"start":{"line":8,"column":0},"end":{"line":8,"column":48}},"2":{"start":{"line":9,"column":0},"end":{"line":9,"column":47}},"3":{"start":{"line":10,"column":0},"end":{"line":10,"column":46}},"4":{"start":{"line":11,"column":0},"end":{"line":11,"column":53}},"5":{"start":{"line":19,"column":7},"end":{"line":19,"column":null}},"6":{"start":{"line":19,"column":13},"end":{"line":19,"column":24}},"7":{"start":{"line":19,"column":13},"end":{"line":19,"column":null}}},"fnMap":{},"branchMap":{},"s":{"0":0,"1":0,"2":0,"3":0,"4":0,"5":0,"6":0,"7":0},"f":{},"b":{}}
,"D:\\Projects\\wasm-thobe\\apps\\backend\\src\\modules\\users\\users.service.ts": {"path":"D:\\Projects\\wasm-thobe\\apps\\backend\\src\\modules\\users\\users.service.ts","statementMap":{"0":{"start":{"line":8,"column":0},"end":{"line":8,"column":63}},"1":{"start":{"line":9,"column":0},"end":{"line":9,"column":51}},"2":{"start":{"line":10,"column":0},"end":{"line":10,"column":56}},"3":{"start":{"line":11,"column":0},"end":{"line":11,"column":46}},"4":{"start":{"line":14,"column":7},"end":{"line":57,"column":null}},"5":{"start":{"line":17,"column":21},"end":{"line":17,"column":37}},"6":{"start":{"line":28,"column":17},"end":{"line":28,"column":69}},"7":{"start":{"line":30,"column":4},"end":{"line":32,"column":5}},"8":{"start":{"line":31,"column":6},"end":{"line":31,"column":66}},"9":{"start":{"line":34,"column":4},"end":{"line":34,"column":16}},"10":{"start":{"line":48,"column":56},"end":{"line":50,"column":17}},"11":{"start":{"line":52,"column":4},"end":{"line":55,"column":7}},"12":{"start":{"line":14,"column":13},"end":{"line":14,"column":25}},"13":{"start":{"line":14,"column":13},"end":{"line":57,"column":null}}},"fnMap":{"0":{"name":"(anonymous_4)","decl":{"start":{"line":15,"column":2},"end":{"line":15,"column":null}},"loc":{"start":{"line":17,"column":53},"end":{"line":18,"column":6}}},"1":{"name":"(anonymous_5)","decl":{"start":{"line":27,"column":2},"end":{"line":27,"column":7}},"loc":{"start":{"line":27,"column":27},"end":{"line":35,"column":3}}},"2":{"name":"(anonymous_6)","decl":{"start":{"line":44,"column":2},"end":{"line":44,"column":7}},"loc":{"start":{"line":46,"column":27},"end":{"line":56,"column":3}}}},"branchMap":{"0":{"loc":{"start":{"line":30,"column":4},"end":{"line":32,"column":5}},"type":"if","locations":[{"start":{"line":30,"column":4},"end":{"line":32,"column":5}},{"start":{},"end":{}}]},"1":{"loc":{"start":{"line":46,"column":4},"end":{"line":46,"column":27}},"type":"default-arg","locations":[{"start":{"line":46,"column":22},"end":{"line":46,"column":27}}]},"2":{"loc":{"start":{"line":48,"column":56},"end":{"line":50,"column":17}},"type":"cond-expr","locations":[{"start":{"line":49,"column":8},"end":{"line":49,"column":71}},{"start":{"line":50,"column":8},"end":{"line":50,"column":17}}]},"3":{"loc":{"start":{"line":17,"column":37},"end":{"line":17,"column":53}},"type":"cond-expr","locations":[{"start":{"line":17,"column":47},"end":{"line":17,"column":53}},{"start":{"line":17,"column":47},"end":{"line":17,"column":53}}]},"4":{"loc":{"start":{"line":17,"column":37},"end":{"line":17,"column":47}},"type":"binary-expr","locations":[{"start":{"line":17,"column":37},"end":{"line":17,"column":53}},{"start":{"line":17,"column":37},"end":{"line":17,"column":47}}]}},"s":{"0":0,"1":0,"2":0,"3":0,"4":0,"5":0,"6":0,"7":0,"8":0,"9":0,"10":0,"11":0,"12":0,"13":0},"f":{"0":0,"1":0,"2":0},"b":{"0":[0,0],"1":[0],"2":[0,0],"3":[0,0],"4":[0,0]}}
,"D:\\Projects\\wasm-thobe\\apps\\backend\\src\\modules\\users\\entities\\user.entity.ts": {"path":"D:\\Projects\\wasm-thobe\\apps\\backend\\src\\modules\\users\\entities\\user.entity.ts","statementMap":{"0":{"start":{"line":8,"column":0},"end":{"line":8,"column":null}},"1":{"start":{"line":15,"column":0},"end":{"line":15,"column":51}},"2":{"start":{"line":18,"column":7},"end":{"line":39,"column":null}},"3":{"start":{"line":18,"column":13},"end":{"line":18,"column":17}},"4":{"start":{"line":20,"column":2},"end":{"line":20,"column":null}},"5":{"start":{"line":23,"column":2},"end":{"line":23,"column":null}},"6":{"start":{"line":26,"column":2},"end":{"line":26,"column":null}},"7":{"start":{"line":29,"column":2},"end":{"line":29,"column":null}},"8":{"start":{"line":32,"column":2},"end":{"line":32,"column":null}},"9":{"start":{"line":35,"column":2},"end":{"line":35,"column":null}},"10":{"start":{"line":38,"column":2},"end":{"line":38,"column":null}},"11":{"start":{"line":18,"column":13},"end":{"line":39,"column":null}}},"fnMap":{},"branchMap":{"0":{"loc":{"start":{"line":29,"column":8},"end":{"line":29,"column":17}},"type":"cond-expr","locations":[{"start":{"line":29,"column":16},"end":{"line":29,"column":17}},{"start":{"line":29,"column":16},"end":{"line":29,"column":17}}]},"1":{"loc":{"start":{"line":29,"column":8},"end":{"line":29,"column":16}},"type":"binary-expr","locations":[{"start":{"line":29,"column":8},"end":{"line":29,"column":17}},{"start":{"line":29,"column":8},"end":{"line":29,"column":16}}]},"2":{"loc":{"start":{"line":35,"column":13},"end":{"line":35,"column":18}},"type":"cond-expr","locations":[{"start":{"line":35,"column":17},"end":{"line":35,"column":18}},{"start":{"line":35,"column":17},"end":{"line":35,"column":18}}]},"3":{"loc":{"start":{"line":35,"column":13},"end":{"line":35,"column":17}},"type":"binary-expr","locations":[{"start":{"line":35,"column":13},"end":{"line":35,"column":18}},{"start":{"line":35,"column":13},"end":{"line":35,"column":17}}]},"4":{"loc":{"start":{"line":38,"column":13},"end":{"line":38,"column":18}},"type":"cond-expr","locations":[{"start":{"line":38,"column":17},"end":{"line":38,"column":18}},{"start":{"line":38,"column":17},"end":{"line":38,"column":18}}]},"5":{"loc":{"start":{"line":38,"column":13},"end":{"line":38,"column":17}},"type":"binary-expr","locations":[{"start":{"line":38,"column":13},"end":{"line":38,"column":18}},{"start":{"line":38,"column":13},"end":{"line":38,"column":17}}]}},"s":{"0":0,"1":0,"2":0,"3":0,"4":0,"5":0,"6":0,"7":0,"8":0,"9":0,"10":0,"11":0},"f":{},"b":{"0":[0,0],"1":[0,0],"2":[0,0],"3":[0,0],"4":[0,0],"5":[0,0]}}
,"D:\\Projects\\wasm-thobe\\apps\\backend\\src\\modules\\users\\enums\\user-role.enum.ts": {"path":"D:\\Projects\\wasm-thobe\\apps\\backend\\src\\modules\\users\\enums\\user-role.enum.ts","statementMap":{"0":{"start":{"line":7,"column":0},"end":{"line":7,"column":null}},"1":{"start":{"line":8,"column":2},"end":{"line":8,"column":null}},"2":{"start":{"line":9,"column":2},"end":{"line":9,"column":null}}},"fnMap":{"0":{"name":"(anonymous_0)","decl":{"start":{"line":7,"column":0},"end":{"line":7,"column":12}},"loc":{"start":{"line":7,"column":20},"end":{"line":10,"column":1}}}},"branchMap":{"0":{"loc":{"start":{"line":7,"column":12},"end":{"line":7,"column":null}},"type":"binary-expr","locations":[{"start":{"line":7,"column":12},"end":{"line":7,"column":20}},{"start":{"line":7,"column":20},"end":{"line":7,"column":null}}]}},"s":{"0":0,"1":0,"2":0},"f":{"0":0},"b":{"0":[0,0]}}
}
